<?xml version="1.0" encoding="UTF-8"?>
<!-- Generated by org.testng.reporters.JUnitReportReporter -->
<testsuite hostname="DESKTOP-F0BKER2" name="com.d.testrunner.Testrunner" tests="1" failures="0" timestamp="21 Oct 2019 17:47:45 GMT" time="7.819" errors="0">
  <testcase name="feature" time="7.819" classname="com.d.testrunner.Testrunner"/>
</testsuite> <!-- com.d.testrunner.Testrunner -->
