<?xml version="1.0" encoding="UTF-8"?>
<!-- Generated by org.testng.reporters.JUnitReportReporter -->
<testsuite hostname="DESKTOP-F0BKER2" name="com.d.testrunner.Testrunner" tests="3" failures="0" timestamp="23 Oct 2019 00:16:36 GMT" time="80.308" errors="0">
  <testcase name="feature" time="31.275" classname="com.d.testrunner.Testrunner"/>
  <testcase name="feature" time="18.582" classname="com.d.testrunner.Testrunner"/>
  <testcase name="feature" time="30.451" classname="com.d.testrunner.Testrunner"/>
</testsuite> <!-- com.d.testrunner.Testrunner -->
