<?xml version="1.0" encoding="UTF-8"?>
<!-- Generated by org.testng.reporters.JUnitReportReporter -->
<testsuite hostname="DESKTOP-F0BKER2" name="com.d.testrunner.Testrunner" tests="1" failures="0" timestamp="21 Oct 2019 04:24:33 GMT" time="6.675" errors="0">
  <testcase name="feature" time="6.675" classname="com.d.testrunner.Testrunner"/>
</testsuite> <!-- com.d.testrunner.Testrunner -->
